<?xml version="1.0" encoding="UTF-8"?>
<testsuite name="SILab2Test" tests="1" skipped="0" failures="0" errors="0" timestamp="2024-05-26T20:21:56" hostname="pedzo" time="0.052">
  <properties/>
  <testcase name="multipleConditionTest()" classname="SILab2Test" time="0.052"/>
  <system-out><![CDATA[]]></system-out>
  <system-err><![CDATA[]]></system-err>
</testsuite>
